<?xml version="1.0" encoding="UTF-8"?>
<!-- Generated by org.testng.reporters.JUnitXMLReporter -->
<testsuite ignored="0" hostname="DESKTOP-KDVKGQG" failures="2" tests="28" name="Test" time="783.937" errors="0" timestamp="2022-12-19T18:30:27 IST">
  <testcase classname="GreenJeeva.Purchase.e2e_po_to_inboud_PutAway_prodReceived_pushtoinventory" name="add_Purchase_Order" time="30.683"/>
  <testcase classname="GreenJeeva.Purchase.e2e_po_to_inboud_PutAway_prodReceived_pushtoinventory" name="add_COA_Document_to_PO" time="10.345"/>
  <testcase classname="GreenJeeva.Purchase.e2e_po_to_inboud_PutAway_prodReceived_pushtoinventory" name="add_Inbound_Tracking" time="27.646"/>
  <testcase classname="GreenJeeva.Purchase.e2e_po_to_inboud_PutAway_prodReceived_pushtoinventory" name="gerenate_PutAway_Sheet" time="7.852"/>
  <testcase classname="GreenJeeva.Purchase.e2e_po_to_inboud_PutAway_prodReceived_pushtoinventory" name="verifying_product_received_functionality_of_PO" time="10.204"/>
  <testcase classname="GreenJeeva.Purchase.e2e_po_to_inboud_PutAway_prodReceived_pushtoinventory" name="PO_push_to_inventory" time="1.468">
    <failure type="org.openqa.selenium.ElementClickInterceptedException" message="element click intercepted: Element &amp;lt;a href=&amp;quot;https://test.zylererp.com/admin/purchases/list_purchases&amp;quot; class=&amp;quot;nav-link&amp;quot;&amp;gt;...&amp;lt;/a&amp;gt; is not clickable at point (593, 31). Other element would receive the click: &amp;lt;div class=&amp;quot;col-md-9&amp;quot;&amp;gt;...&amp;lt;/div&amp;gt;
  (Session info: chrome=108.0.5359.125)
Build info: version: &amp;apos;4.4.0&amp;apos;, revision: &amp;apos;e5c75ed026a&amp;apos;
System info: host: &amp;apos;DESKTOP-KDVKGQG&amp;apos;, ip: &amp;apos;192.168.0.110&amp;apos;, os.name: &amp;apos;Windows 10&amp;apos;, os.arch: &amp;apos;amd64&amp;apos;, os.version: &amp;apos;10.0&amp;apos;, java.version: &amp;apos;11.0.10&amp;apos;
Driver info: org.openqa.selenium.chrome.ChromeDriver
Command: [33f9a88d7fb6f18e34db57241008145d, clickElement {id=78f4682d-a9f8-4f34-96a2-bb9a9f486e7b}]
Capabilities {acceptInsecureCerts: false, browserName: chrome, browserVersion: 108.0.5359.125, chrome: {chromedriverVersion: 108.0.5359.71 (1e0e3868ee06..., userDataDir: C:\Users\ADMIN\AppData\Loca...}, goog:chromeOptions: {debuggerAddress: localhost:55566}, networkConnectionEnabled: false, pageLoadStrategy: normal, platformName: WINDOWS, proxy: Proxy(), se:cdp: ws://localhost:55566/devtoo..., se:cdpVersion: 108.0.5359.125, setWindowRect: true, strictFileInteractability: false, timeouts: {implicit: 0, pageLoad: 300000, script: 30000}, unhandledPromptBehavior: dismiss and notify, webauthn:extension:credBlob: true, webauthn:extension:largeBlob: true, webauthn:virtualAuthenticators: true}
Element: [[ChromeDriver: chrome on WINDOWS (33f9a88d7fb6f18e34db57241008145d)] -&amp;gt; xpath: //a[normalize-space()=&amp;apos;Purchase&amp;apos;]]
Session ID: 33f9a88d7fb6f18e34db57241008145d">
      <![CDATA[org.openqa.selenium.ElementClickInterceptedException: element click intercepted: Element <a href="https://test.zylererp.com/admin/purchases/list_purchases" class="nav-link">...</a> is not clickable at point (593, 31). Other element would receive the click: <div class="col-md-9">...</div>
  (Session info: chrome=108.0.5359.125)
Build info: version: '4.4.0', revision: 'e5c75ed026a'
System info: host: 'DESKTOP-KDVKGQG', ip: '192.168.0.110', os.name: 'Windows 10', os.arch: 'amd64', os.version: '10.0', java.version: '11.0.10'
Driver info: org.openqa.selenium.chrome.ChromeDriver
Command: [33f9a88d7fb6f18e34db57241008145d, clickElement {id=78f4682d-a9f8-4f34-96a2-bb9a9f486e7b}]
Capabilities {acceptInsecureCerts: false, browserName: chrome, browserVersion: 108.0.5359.125, chrome: {chromedriverVersion: 108.0.5359.71 (1e0e3868ee06..., userDataDir: C:\Users\ADMIN\AppData\Loca...}, goog:chromeOptions: {debuggerAddress: localhost:55566}, networkConnectionEnabled: false, pageLoadStrategy: normal, platformName: WINDOWS, proxy: Proxy(), se:cdp: ws://localhost:55566/devtoo..., se:cdpVersion: 108.0.5359.125, setWindowRect: true, strictFileInteractability: false, timeouts: {implicit: 0, pageLoad: 300000, script: 30000}, unhandledPromptBehavior: dismiss and notify, webauthn:extension:credBlob: true, webauthn:extension:largeBlob: true, webauthn:virtualAuthenticators: true}
Element: [[ChromeDriver: chrome on WINDOWS (33f9a88d7fb6f18e34db57241008145d)] -> xpath: //a[normalize-space()='Purchase']]
Session ID: 33f9a88d7fb6f18e34db57241008145d
at org.openqa.selenium.remote.codec.w3c.W3CHttpResponseCodec.createException(W3CHttpResponseCodec.java:200)
at org.openqa.selenium.remote.codec.w3c.W3CHttpResponseCodec.decode(W3CHttpResponseCodec.java:133)
at org.openqa.selenium.remote.codec.w3c.W3CHttpResponseCodec.decode(W3CHttpResponseCodec.java:53)
at org.openqa.selenium.remote.HttpCommandExecutor.execute(HttpCommandExecutor.java:184)
at org.openqa.selenium.remote.service.DriverCommandExecutor.invokeExecute(DriverCommandExecutor.java:167)
at org.openqa.selenium.remote.service.DriverCommandExecutor.execute(DriverCommandExecutor.java:142)
at org.openqa.selenium.remote.RemoteWebDriver.execute(RemoteWebDriver.java:547)
at org.openqa.selenium.remote.RemoteWebElement.execute(RemoteWebElement.java:257)
at org.openqa.selenium.remote.RemoteWebElement.click(RemoteWebElement.java:78)
at GreenJeeva.Purchase.e2e_po_to_inboud_PutAway_prodReceived_pushtoinventory.PO_push_to_inventory(e2e_po_to_inboud_PutAway_prodReceived_pushtoinventory.java:323)
at java.base/java.util.ArrayList.forEach(ArrayList.java:1541)
... Removed 31 stack frames]]>
    </failure>
  </testcase> <!-- PO_push_to_inventory -->
  <testcase classname="GreenJeeva.Purchase.CancelRejectPOTest" name="cancel_Purchase_Order" time="33.438"/>
  <testcase classname="GreenJeeva.Purchase.CancelRejectPOTest" name="reject_Purchase_Order" time="31.949"/>
  <testcase classname="GreenJeeva.Purchase.RecordPayamentTest" name="record_payent_for_Purchase_Order" time="28.91"/>
  <testcase classname="GreenJeeva.Purchase.PurchaseOrderTest" name="add_purchase_order" time="31.095"/>
  <testcase classname="GreenJeeva.Purchase.PurchaseOrderTest" name="PO_Updating_current_status" time="9.096"/>
  <testcase classname="GreenJeeva.Purchase.PurchaseOrderTest" name="edit_purchase_order" time="1.153">
    <failure type="org.openqa.selenium.ElementClickInterceptedException" message="element click intercepted: Element &amp;lt;a href=&amp;quot;https://test.zylererp.com/admin/purchases/list_purchases&amp;quot; class=&amp;quot;nav-link&amp;quot;&amp;gt;...&amp;lt;/a&amp;gt; is not clickable at point (596, 31). Other element would receive the click: &amp;lt;div class=&amp;quot;sweet-overlay&amp;quot; tabindex=&amp;quot;-1&amp;quot; style=&amp;quot;opacity: 1.03; display: block;&amp;quot;&amp;gt;&amp;lt;/div&amp;gt;
  (Session info: chrome=108.0.5359.125)
Build info: version: &amp;apos;4.4.0&amp;apos;, revision: &amp;apos;e5c75ed026a&amp;apos;
System info: host: &amp;apos;DESKTOP-KDVKGQG&amp;apos;, ip: &amp;apos;192.168.0.110&amp;apos;, os.name: &amp;apos;Windows 10&amp;apos;, os.arch: &amp;apos;amd64&amp;apos;, os.version: &amp;apos;10.0&amp;apos;, java.version: &amp;apos;11.0.10&amp;apos;
Driver info: org.openqa.selenium.chrome.ChromeDriver
Command: [58e3bdb92efdeb905be8d16e2bc3519e, clickElement {id=dbe5ffa1-42fb-4fe2-ad71-21736f72fca3}]
Capabilities {acceptInsecureCerts: false, browserName: chrome, browserVersion: 108.0.5359.125, chrome: {chromedriverVersion: 108.0.5359.71 (1e0e3868ee06..., userDataDir: C:\Users\ADMIN\AppData\Loca...}, goog:chromeOptions: {debuggerAddress: localhost:55280}, networkConnectionEnabled: false, pageLoadStrategy: normal, platformName: WINDOWS, proxy: Proxy(), se:cdp: ws://localhost:55280/devtoo..., se:cdpVersion: 108.0.5359.125, setWindowRect: true, strictFileInteractability: false, timeouts: {implicit: 0, pageLoad: 300000, script: 30000}, unhandledPromptBehavior: dismiss and notify, webauthn:extension:credBlob: true, webauthn:extension:largeBlob: true, webauthn:virtualAuthenticators: true}
Element: [[ChromeDriver: chrome on WINDOWS (58e3bdb92efdeb905be8d16e2bc3519e)] -&amp;gt; xpath: //a[normalize-space()=&amp;apos;Purchase&amp;apos;]]
Session ID: 58e3bdb92efdeb905be8d16e2bc3519e">
      <![CDATA[org.openqa.selenium.ElementClickInterceptedException: element click intercepted: Element <a href="https://test.zylererp.com/admin/purchases/list_purchases" class="nav-link">...</a> is not clickable at point (596, 31). Other element would receive the click: <div class="sweet-overlay" tabindex="-1" style="opacity: 1.03; display: block;"></div>
  (Session info: chrome=108.0.5359.125)
Build info: version: '4.4.0', revision: 'e5c75ed026a'
System info: host: 'DESKTOP-KDVKGQG', ip: '192.168.0.110', os.name: 'Windows 10', os.arch: 'amd64', os.version: '10.0', java.version: '11.0.10'
Driver info: org.openqa.selenium.chrome.ChromeDriver
Command: [58e3bdb92efdeb905be8d16e2bc3519e, clickElement {id=dbe5ffa1-42fb-4fe2-ad71-21736f72fca3}]
Capabilities {acceptInsecureCerts: false, browserName: chrome, browserVersion: 108.0.5359.125, chrome: {chromedriverVersion: 108.0.5359.71 (1e0e3868ee06..., userDataDir: C:\Users\ADMIN\AppData\Loca...}, goog:chromeOptions: {debuggerAddress: localhost:55280}, networkConnectionEnabled: false, pageLoadStrategy: normal, platformName: WINDOWS, proxy: Proxy(), se:cdp: ws://localhost:55280/devtoo..., se:cdpVersion: 108.0.5359.125, setWindowRect: true, strictFileInteractability: false, timeouts: {implicit: 0, pageLoad: 300000, script: 30000}, unhandledPromptBehavior: dismiss and notify, webauthn:extension:credBlob: true, webauthn:extension:largeBlob: true, webauthn:virtualAuthenticators: true}
Element: [[ChromeDriver: chrome on WINDOWS (58e3bdb92efdeb905be8d16e2bc3519e)] -> xpath: //a[normalize-space()='Purchase']]
Session ID: 58e3bdb92efdeb905be8d16e2bc3519e
at org.openqa.selenium.remote.codec.w3c.W3CHttpResponseCodec.createException(W3CHttpResponseCodec.java:200)
at org.openqa.selenium.remote.codec.w3c.W3CHttpResponseCodec.decode(W3CHttpResponseCodec.java:133)
at org.openqa.selenium.remote.codec.w3c.W3CHttpResponseCodec.decode(W3CHttpResponseCodec.java:53)
at org.openqa.selenium.remote.HttpCommandExecutor.execute(HttpCommandExecutor.java:184)
at org.openqa.selenium.remote.service.DriverCommandExecutor.invokeExecute(DriverCommandExecutor.java:167)
at org.openqa.selenium.remote.service.DriverCommandExecutor.execute(DriverCommandExecutor.java:142)
at org.openqa.selenium.remote.RemoteWebDriver.execute(RemoteWebDriver.java:547)
at org.openqa.selenium.remote.RemoteWebElement.execute(RemoteWebElement.java:257)
at org.openqa.selenium.remote.RemoteWebElement.click(RemoteWebElement.java:78)
at GreenJeeva.Purchase.PurchaseOrderTest.edit_purchase_order(PurchaseOrderTest.java:155)
at java.base/java.util.ArrayList.forEach(ArrayList.java:1541)
... Removed 31 stack frames]]>
    </failure>
  </testcase> <!-- edit_purchase_order -->
  <testcase classname="GreenJeeva.Purchase.PurchaseOrderTest" name="delete_purchase_order" time="10.808"/>
  <testcase classname="GreenJeeva.Purchase.PurchaseOrderTest" name="salesorder_SortingOfStatus" time="6.468"/>
  <testcase classname="GreenJeeva.DeleteSOPO" name="delete_Sales_Order" time="31.274"/>
  <testcase classname="GreenJeeva.DeleteSOPO" name="delete_Purchase_Order" time="25.166"/>
  <testcase classname="GreenJeeva.Purchase.InboundTrackingTest" name="delete_Inbound_Tracking" time="10.373"/>
  <testcase classname="GreenJeeva.Purchase.InboundTrackingTest" name="sorting_by_type_Inbound_Tracking" time="9.787"/>
  <testcase classname="GreenJeeva.Purchase.RequisitionTest" name="add_requisition" time="20.214"/>
  <testcase classname="GreenJeeva.Purchase.RequisitionTest" name="edit_requisition" time="17.527"/>
  <testcase classname="GreenJeeva.Purchase.RequisitionTest" name="reject_requisition" time="22.973"/>
  <testcase classname="GreenJeeva.Purchase.RequisitionTest" name="delete_requisition" time="6.361"/>
  <testcase classname="GreenJeeva.Purchase.RequisitionTest" name="requitision_SortingOfCategory" time="26.681"/>
  <testcase classname="GreenJeeva.Purchase.ToBeSourcedTest" name="add_Enquiry_for_to_be_sourced" time="38.274"/>
  <testcase classname="GreenJeeva.Purchase.ToBeSourcedTest" name="verifyToBeSourced" time="17.432"/>
  <testcase classname="GreenJeeva.Purchase.ToBeSourcedTest" name="SortingOfPriorityVerificationInAssigned" time="27.848"/>
  <testcase classname="GreenJeeva.Purchase.ToBeSourcedTest" name="enquiryMovedToAssigned" time="19.332"/>
  <testcase classname="GreenJeeva.Purchase.ToBeSourcedTest" name="SortingOfPriorityVerificationInNotAssigned" time="24.147"/>
</testsuite> <!-- Test -->
