<?xml version="1.0" encoding="UTF-8"?>
<!-- Generated by org.testng.reporters.JUnitReportReporter -->
<testsuite hostname="DESKTOP-KDVKGQG" failures="0" tests="6" name="GreenJeeva.Purchase.e2e_po_to_inboud_PutAway_prodReceived_pushtoinventory" time="107.227" errors="1" timestamp="2023-01-24T14:03:30 IST" skipped="0">
  <testcase classname="GreenJeeva.Purchase.e2e_po_to_inboud_PutAway_prodReceived_pushtoinventory" name="add_Purchase_Order" time="32.283"/>
  <system-out/>
  <testcase classname="GreenJeeva.Purchase.e2e_po_to_inboud_PutAway_prodReceived_pushtoinventory" name="add_COA_Document_to_PO" time="10.130"/>
  <system-out/>
  <testcase classname="GreenJeeva.Purchase.e2e_po_to_inboud_PutAway_prodReceived_pushtoinventory" name="add_Inbound_Tracking" time="31.158"/>
  <system-out/>
  <testcase classname="GreenJeeva.Purchase.e2e_po_to_inboud_PutAway_prodReceived_pushtoinventory" name="gerenate_PutAway_Sheet" time="7.145"/>
  <system-out/>
  <testcase classname="GreenJeeva.Purchase.e2e_po_to_inboud_PutAway_prodReceived_pushtoinventory" name="verifying_product_received_functionality_of_PO" time="15.203"/>
  <system-out/>
  <testcase classname="GreenJeeva.Purchase.e2e_po_to_inboud_PutAway_prodReceived_pushtoinventory" name="PO_push_to_inventory" time="11.308">
    <error message="element click intercepted: Element &lt;a href=&quot;#tab_activity&quot; class=&quot;nav-link&quot; aria-controls=&quot;tab_activity&quot; role=&quot;tab&quot; data-toggle=&quot;tab&quot;&gt;...&lt;/a&gt; is not clickable at point (901, 78). Other element would receive the click: &lt;h5 class=&quot;bold&quot;&gt;...&lt;/h5&gt;
  (Session info: chrome=109.0.5414.75)
Build info: version: &#039;4.4.0&#039;, revision: &#039;e5c75ed026a&#039;
System info: host: &#039;DESKTOP-KDVKGQG&#039;, ip: &#039;172.20.10.2&#039;, os.name: &#039;Windows 10&#039;, os.arch: &#039;amd64&#039;, os.version: &#039;10.0&#039;, java.version: &#039;11.0.10&#039;
Driver info: org.openqa.selenium.chrome.ChromeDriver
Command: [bb2e1c179c3270291757de3d05a737fe, clickElement {id=1fbdfa4a-49d1-456b-99e0-51388bcfd1ac}]
Capabilities {acceptInsecureCerts: false, browserName: chrome, browserVersion: 109.0.5414.75, chrome: {chromedriverVersion: 109.0.5414.74 (e7c5703604da..., userDataDir: C:\Users\ADMIN\AppData\Loca...}, goog:chromeOptions: {debuggerAddress: localhost:62051}, networkConnectionEnabled: false, pageLoadStrategy: normal, platformName: WINDOWS, proxy: Proxy(), se:cdp: ws://localhost:62051/devtoo..., se:cdpVersion: 109.0.5414.75, setWindowRect: true, strictFileInteractability: false, timeouts: {implicit: 0, pageLoad: 300000, script: 30000}, unhandledPromptBehavior: dismiss and notify, webauthn:extension:credBlob: true, webauthn:extension:largeBlob: true, webauthn:virtualAuthenticators: true}
Element: [[ChromeDriver: chrome on WINDOWS (bb2e1c179c3270291757de3d05a737fe)] -&gt; xpath: //a[normalize-space()=&#039;Activity Log&#039;]]
Session ID: bb2e1c179c3270291757de3d05a737fe" type="org.openqa.selenium.ElementClickInterceptedException">
      <![CDATA[org.openqa.selenium.ElementClickInterceptedException: element click intercepted: Element <a href="#tab_activity" class="nav-link" aria-controls="tab_activity" role="tab" data-toggle="tab">...</a> is not clickable at point (901, 78). Other element would receive the click: <h5 class="bold">...</h5>
  (Session info: chrome=109.0.5414.75)
Build info: version: '4.4.0', revision: 'e5c75ed026a'
System info: host: 'DESKTOP-KDVKGQG', ip: '172.20.10.2', os.name: 'Windows 10', os.arch: 'amd64', os.version: '10.0', java.version: '11.0.10'
Driver info: org.openqa.selenium.chrome.ChromeDriver
Command: [bb2e1c179c3270291757de3d05a737fe, clickElement {id=1fbdfa4a-49d1-456b-99e0-51388bcfd1ac}]
Capabilities {acceptInsecureCerts: false, browserName: chrome, browserVersion: 109.0.5414.75, chrome: {chromedriverVersion: 109.0.5414.74 (e7c5703604da..., userDataDir: C:\Users\ADMIN\AppData\Loca...}, goog:chromeOptions: {debuggerAddress: localhost:62051}, networkConnectionEnabled: false, pageLoadStrategy: normal, platformName: WINDOWS, proxy: Proxy(), se:cdp: ws://localhost:62051/devtoo..., se:cdpVersion: 109.0.5414.75, setWindowRect: true, strictFileInteractability: false, timeouts: {implicit: 0, pageLoad: 300000, script: 30000}, unhandledPromptBehavior: dismiss and notify, webauthn:extension:credBlob: true, webauthn:extension:largeBlob: true, webauthn:virtualAuthenticators: true}
Element: [[ChromeDriver: chrome on WINDOWS (bb2e1c179c3270291757de3d05a737fe)] -> xpath: //a[normalize-space()='Activity Log']]
Session ID: bb2e1c179c3270291757de3d05a737fe
at java.base/jdk.internal.reflect.NativeConstructorAccessorImpl.newInstance0(Native Method)
at java.base/jdk.internal.reflect.NativeConstructorAccessorImpl.newInstance(NativeConstructorAccessorImpl.java:62)
at java.base/jdk.internal.reflect.DelegatingConstructorAccessorImpl.newInstance(DelegatingConstructorAccessorImpl.java:45)
at java.base/java.lang.reflect.Constructor.newInstance(Constructor.java:490)
at org.openqa.selenium.remote.codec.w3c.W3CHttpResponseCodec.createException(W3CHttpResponseCodec.java:200)
at org.openqa.selenium.remote.codec.w3c.W3CHttpResponseCodec.decode(W3CHttpResponseCodec.java:133)
at org.openqa.selenium.remote.codec.w3c.W3CHttpResponseCodec.decode(W3CHttpResponseCodec.java:53)
at org.openqa.selenium.remote.HttpCommandExecutor.execute(HttpCommandExecutor.java:184)
at org.openqa.selenium.remote.service.DriverCommandExecutor.invokeExecute(DriverCommandExecutor.java:167)
at org.openqa.selenium.remote.service.DriverCommandExecutor.execute(DriverCommandExecutor.java:142)
at org.openqa.selenium.remote.RemoteWebDriver.execute(RemoteWebDriver.java:547)
at org.openqa.selenium.remote.RemoteWebElement.execute(RemoteWebElement.java:257)
at org.openqa.selenium.remote.RemoteWebElement.click(RemoteWebElement.java:78)
at GreenJeeva.Purchase.e2e_po_to_inboud_PutAway_prodReceived_pushtoinventory.PO_push_to_inventory(e2e_po_to_inboud_PutAway_prodReceived_pushtoinventory.java:362)
at java.base/jdk.internal.reflect.NativeMethodAccessorImpl.invoke0(Native Method)
at java.base/jdk.internal.reflect.NativeMethodAccessorImpl.invoke(NativeMethodAccessorImpl.java:62)
at java.base/jdk.internal.reflect.DelegatingMethodAccessorImpl.invoke(DelegatingMethodAccessorImpl.java:43)
at java.base/java.lang.reflect.Method.invoke(Method.java:566)
at org.testng.internal.invokers.MethodInvocationHelper.invokeMethod(MethodInvocationHelper.java:139)
at org.testng.internal.invokers.TestInvoker.invokeMethod(TestInvoker.java:677)
at org.testng.internal.invokers.TestInvoker.invokeTestMethod(TestInvoker.java:221)
at org.testng.internal.invokers.MethodRunner.runInSequence(MethodRunner.java:50)
at org.testng.internal.invokers.TestInvoker$MethodInvocationAgent.invoke(TestInvoker.java:962)
at org.testng.internal.invokers.TestInvoker.invokeTestMethods(TestInvoker.java:194)
at org.testng.internal.invokers.TestMethodWorker.invokeTestMethods(TestMethodWorker.java:148)
at org.testng.internal.invokers.TestMethodWorker.run(TestMethodWorker.java:128)
at java.base/java.util.ArrayList.forEach(ArrayList.java:1541)
at org.testng.TestRunner.privateRun(TestRunner.java:806)
at org.testng.TestRunner.run(TestRunner.java:601)
at org.testng.SuiteRunner.runTest(SuiteRunner.java:433)
at org.testng.SuiteRunner.runSequentially(SuiteRunner.java:427)
at org.testng.SuiteRunner.privateRun(SuiteRunner.java:387)
at org.testng.SuiteRunner.run(SuiteRunner.java:330)
at org.testng.SuiteRunnerWorker.runSuite(SuiteRunnerWorker.java:52)
at org.testng.SuiteRunnerWorker.run(SuiteRunnerWorker.java:95)
at org.testng.TestNG.runSuitesSequentially(TestNG.java:1256)
at org.testng.TestNG.runSuitesLocally(TestNG.java:1176)
at org.testng.TestNG.runSuites(TestNG.java:1099)
at org.testng.TestNG.run(TestNG.java:1067)
at org.testng.remote.AbstractRemoteTestNG.run(AbstractRemoteTestNG.java:115)
at org.testng.remote.RemoteTestNG.initAndRun(RemoteTestNG.java:251)
at org.testng.remote.RemoteTestNG.main(RemoteTestNG.java:77)
]]>
    </error>
  </testcase> <!-- PO_push_to_inventory -->
  <system-out/>
</testsuite> <!-- GreenJeeva.Purchase.e2e_po_to_inboud_PutAway_prodReceived_pushtoinventory -->
